--> Wrapper Started as Daemon
Launching a JVM...
Wrapper (Version 3.2.3) http://wrapper.tanukisoftware.org
  Copyright 1999-2006 Tanuki Software, Inc.  All Rights Reserved.

2016.11.17 16:26:33 INFO  app[][o.s.a.AppFileSystem] Cleaning or creating temp directory /Users/me/sonarqube-6.2/temp
2016.11.17 16:26:33 INFO  app[][o.s.p.m.JavaProcessLauncher] Launch process[es]: /Library/Java/JavaVirtualMachines/jdk1.8.0_91.jdk/Contents/Home/jre/bin/java -Djava.awt.headless=true -Xmx1G -Xms256m -Xss256k -Djna.nosys=true -XX:+UseParNewGC -XX:+UseConcMarkSweepGC -XX:CMSInitiatingOccupancyFraction=75 -XX:+UseCMSInitiatingOccupancyOnly -XX:+HeapDumpOnOutOfMemoryError -Djava.io.tmpdir=/Users/me/sonarqube-6.2/temp -javaagent:/Library/Java/JavaVirtualMachines/jdk1.8.0_91.jdk/Contents/Home/jre/lib/management-agent.jar -cp ./lib/common/*:./lib/search/* org.sonar.search.SearchServer /Users/me/sonarqube-6.2/temp/sq-process607963922619414430properties
2016.11.17 16:26:39 INFO  app[][o.s.p.m.Monitor] Process[es] is up
2016.11.17 16:26:39 INFO  app[][o.s.p.m.JavaProcessLauncher] Launch process[web]: /Library/Java/JavaVirtualMachines/jdk1.8.0_91.jdk/Contents/Home/jre/bin/java -Djava.awt.headless=true -Dfile.encoding=UTF-8 -Xmx512m -Xms128m -XX:+HeapDumpOnOutOfMemoryError -Djava.io.tmpdir=/Users/me/sonarqube-6.2/temp -javaagent:/Library/Java/JavaVirtualMachines/jdk1.8.0_91.jdk/Contents/Home/jre/lib/management-agent.jar -cp ./lib/common/*:./lib/server/*:/Users/me/sonarqube-6.2/lib/jdbc/h2/h2-1.3.176.jar org.sonar.server.app.WebServer /Users/me/sonarqube-6.2/temp/sq-process8504251823484440932properties
2016.11.17 16:26:59 INFO  app[][o.s.p.m.Monitor] Process[web] is up
2016.11.17 16:26:59 INFO  app[][o.s.p.m.JavaProcessLauncher] Launch process[ce]: /Library/Java/JavaVirtualMachines/jdk1.8.0_91.jdk/Contents/Home/jre/bin/java -Djava.awt.headless=true -Dfile.encoding=UTF-8 -Xmx512m -Xms128m -XX:+HeapDumpOnOutOfMemoryError -Djava.io.tmpdir=/Users/me/sonarqube-6.2/temp -javaagent:/Library/Java/JavaVirtualMachines/jdk1.8.0_91.jdk/Contents/Home/jre/lib/management-agent.jar -cp ./lib/common/*:./lib/server/*:./lib/ce/*:/Users/me/sonarqube-6.2/lib/jdbc/h2/h2-1.3.176.jar org.sonar.ce.app.CeServer /Users/me/sonarqube-6.2/temp/sq-process6754313832695376518properties
2016.11.17 16:27:04 INFO  app[][o.s.p.m.Monitor] Process[ce] is up
2016.11.17 16:27:04 INFO  app[][o.s.application.App] SonarQube is up
TERM trapped.  Shutting down.
2016.11.17 16:27:31 INFO  app[][o.s.p.m.Monitor] Process[ce] is stopping
2016.11.17 16:27:32 INFO  app[][o.s.p.m.Monitor] Process[ce] is stopped
2016.11.17 16:27:32 INFO  app[][o.s.p.m.Monitor] Process[web] is stopping
2016.11.17 16:27:35 INFO  app[][o.s.p.m.Monitor] Process[web] is stopped
2016.11.17 16:27:35 INFO  app[][o.s.p.m.Monitor] Process[es] is stopping
2016.11.17 16:27:36 INFO  app[][o.s.p.m.Monitor] Process[es] is stopped
<-- Wrapper Stopped
